<?xml version="1.0" encoding="UTF-8"?>
<!-- Generated by org.testng.reporters.JUnitReportReporter -->
<testsuite hostname="jhonesLG" failures="0" tests="2" name="com.ultimateqa.courses.testsuite.LoginPageTest" time="11.530" errors="0" timestamp="2022-12-11T23:55:59 GMT" skipped="0">
  <testcase classname="com.ultimateqa.courses.testsuite.LoginPageTest" name="userShouldNavigateToLoginPageSuccessfully" time="5.827"/>
  <system-out>
    <![CDATA[User Clicks on SignIn Link[[ChromeDriver: chrome on WINDOWS (523cc95c8bf94f3beb332071ab979efe)] -> xpath: //a[@href='/users/sign_in']]
Error message is displayed]]>
  </system-out>
  <testcase classname="com.ultimateqa.courses.testsuite.LoginPageTest" name="verifyTheErrorMessage" time="5.703"/>
  <system-out>
    <![CDATA[User Clicks on SignIn Link[[ChromeDriver: chrome on WINDOWS (6023dab101c35be872855767a9dcd55c)] -> xpath: //a[@href='/users/sign_in']]
Enter email admin12349@example.com to email field [[ChromeDriver: chrome on WINDOWS (6023dab101c35be872855767a9dcd55c)] -> name: user[email]]
Enter password admin1234 to password field [[ChromeDriver: chrome on WINDOWS (6023dab101c35be872855767a9dcd55c)] -> name: user[email]]
User clicks on Sign In Button
User gets Sign In Error Message]]>
  </system-out>
</testsuite> <!-- com.ultimateqa.courses.testsuite.LoginPageTest -->
